#-----------------------------------------------------------
# Vivado v2018.3 (64-bit)
# SW Build 2405991 on Thu Dec  6 23:38:27 MST 2018
# IP Build 2404404 on Fri Dec  7 01:43:56 MST 2018
# Start of session at: Sun Aug  2 13:10:02 2020
# Process ID: 26464
# Current directory: D:/Vivado2018/Vivado2018Document/project_1
# Command line: vivado.exe -gui_launcher_event rodinguilauncherevent23044 D:\Vivado2018\Vivado2018Document\project_1\project_1.xpr
# Log file: D:/Vivado2018/Vivado2018Document/project_1/vivado.log
# Journal file: D:/Vivado2018/Vivado2018Document/project_1\vivado.jou
#-----------------------------------------------------------
start_gui
open_project D:/Vivado2018/Vivado2018Document/project_1/project_1.xpr
Scanning sources...
Finished scanning sources
INFO: [IP_Flow 19-234] Refreshing IP repositories
INFO: [IP_Flow 19-1700] Loaded user IP repository 'd:/Vivado2018/Vivado2018Document/Camera_Demo'.
INFO: [IP_Flow 19-2313] Loaded Vivado IP repository 'D:/Vivado2018/Vivado2018/Vivado/2018.3/data/ip'.
open_project: Time (s): cpu = 00:00:16 ; elapsed = 00:00:09 . Memory (MB): peak = 802.199 ; gain = 195.105
update_compile_order -fileset sources_1
open_run synth_1 -name synth_1
Design is defaulting to impl run constrset: constrs_1
Design is defaulting to synth run part: xc7s15ftgb196-1
INFO: [Project 1-479] Netlist was created with Vivado 2018.3
INFO: [Device 21-403] Loading part xc7s15ftgb196-1
INFO: [Project 1-570] Preparing netlist for logic optimization
Parsing XDC File [D:/Vivado2018/Vivado2018Document/project_1/project_1.srcs/constrs_1/new/system.xdc]
CRITICAL WARNING: [Common 17-163] Missing value for option 'objects', please type 'set_property -help' for usage info. [D:/Vivado2018/Vivado2018Document/project_1/project_1.srcs/constrs_1/new/system.xdc:9]
CRITICAL WARNING: [Common 17-163] Missing value for option 'objects', please type 'set_property -help' for usage info. [D:/Vivado2018/Vivado2018Document/project_1/project_1.srcs/constrs_1/new/system.xdc:11]
CRITICAL WARNING: [Common 17-170] Unknown option '-dict{', please type 'set_property -help' for usage info. [D:/Vivado2018/Vivado2018Document/project_1/project_1.srcs/constrs_1/new/system.xdc:14]
CRITICAL WARNING: [Common 17-170] Unknown option '-dict{', please type 'set_property -help' for usage info. [D:/Vivado2018/Vivado2018Document/project_1/project_1.srcs/constrs_1/new/system.xdc:16]
CRITICAL WARNING: [Common 17-170] Unknown option '-dict{', please type 'set_property -help' for usage info. [D:/Vivado2018/Vivado2018Document/project_1/project_1.srcs/constrs_1/new/system.xdc:18]
WARNING: [Vivado 12-584] No ports matched 'disp_RGB[7]'. [D:/Vivado2018/Vivado2018Document/project_1/project_1.srcs/constrs_1/new/system.xdc:23]
CRITICAL WARNING: [Common 17-55] 'set_property' expects at least one object. [D:/Vivado2018/Vivado2018Document/project_1/project_1.srcs/constrs_1/new/system.xdc:23]
Resolution: If [get_<value>] was used to populate the object, check to make sure this command returns at least one valid object.
WARNING: [Vivado 12-584] No ports matched 'disp_RGB[11]'. [D:/Vivado2018/Vivado2018Document/project_1/project_1.srcs/constrs_1/new/system.xdc:25]
CRITICAL WARNING: [Common 17-55] 'set_property' expects at least one object. [D:/Vivado2018/Vivado2018Document/project_1/project_1.srcs/constrs_1/new/system.xdc:25]
Resolution: If [get_<value>] was used to populate the object, check to make sure this command returns at least one valid object.
WARNING: [Vivado 12-584] No ports matched 'disp_RGB[6]'. [D:/Vivado2018/Vivado2018Document/project_1/project_1.srcs/constrs_1/new/system.xdc:27]
CRITICAL WARNING: [Common 17-55] 'set_property' expects at least one object. [D:/Vivado2018/Vivado2018Document/project_1/project_1.srcs/constrs_1/new/system.xdc:27]
Resolution: If [get_<value>] was used to populate the object, check to make sure this command returns at least one valid object.
WARNING: [Vivado 12-584] No ports matched 'disp_RGB[10]'. [D:/Vivado2018/Vivado2018Document/project_1/project_1.srcs/constrs_1/new/system.xdc:32]
CRITICAL WARNING: [Common 17-55] 'set_property' expects at least one object. [D:/Vivado2018/Vivado2018Document/project_1/project_1.srcs/constrs_1/new/system.xdc:32]
Resolution: If [get_<value>] was used to populate the object, check to make sure this command returns at least one valid object.
WARNING: [Vivado 12-584] No ports matched 'disp_RGB[9]'. [D:/Vivado2018/Vivado2018Document/project_1/project_1.srcs/constrs_1/new/system.xdc:33]
CRITICAL WARNING: [Common 17-55] 'set_property' expects at least one object. [D:/Vivado2018/Vivado2018Document/project_1/project_1.srcs/constrs_1/new/system.xdc:33]
Resolution: If [get_<value>] was used to populate the object, check to make sure this command returns at least one valid object.
WARNING: [Vivado 12-584] No ports matched 'disp_RGB[8]'. [D:/Vivado2018/Vivado2018Document/project_1/project_1.srcs/constrs_1/new/system.xdc:35]
CRITICAL WARNING: [Common 17-55] 'set_property' expects at least one object. [D:/Vivado2018/Vivado2018Document/project_1/project_1.srcs/constrs_1/new/system.xdc:35]
Resolution: If [get_<value>] was used to populate the object, check to make sure this command returns at least one valid object.
Finished Parsing XDC File [D:/Vivado2018/Vivado2018Document/project_1/project_1.srcs/constrs_1/new/system.xdc]
INFO: [Opt 31-138] Pushed 0 inverter(s) to 0 load pin(s).
Netlist sorting complete. Time (s): cpu = 00:00:00 ; elapsed = 00:00:00 . Memory (MB): peak = 1033.684 ; gain = 0.000
INFO: [Project 1-111] Unisim Transformation Summary:
No Unisim elements were transformed.

open_run: Time (s): cpu = 00:00:17 ; elapsed = 00:00:10 . Memory (MB): peak = 1126.188 ; gain = 321.078
reset_run synth_1
launch_runs synth_1 -jobs 3
[Sun Aug  2 13:14:44 2020] Launched synth_1...
Run output will be captured here: D:/Vivado2018/Vivado2018Document/project_1/project_1.runs/synth_1/runme.log
launch_runs impl_1 -jobs 3
WARNING: [Project 1-478] Design 'synth_1' is stale and will not be used when launching 'impl_1'
[Sun Aug  2 13:15:33 2020] Launched impl_1...
Run output will be captured here: D:/Vivado2018/Vivado2018Document/project_1/project_1.runs/impl_1/runme.log
close_design
open_run impl_1
INFO: [Project 1-479] Netlist was created with Vivado 2018.3
INFO: [Project 1-570] Preparing netlist for logic optimization
INFO: [Constraints 18-4398] Generator version for shapeDB does not match. shapeDB will be regenerated.
INFO: [Timing 38-478] Restoring timing data from binary archive.
INFO: [Timing 38-479] Binary timing data restore complete.
INFO: [Project 1-856] Restoring constraints from binary archive.
INFO: [Project 1-853] Binary constraint restore complete.
Reading XDEF placement.
Reading placer database...
Reading XDEF routing.
Read XDEF File: Time (s): cpu = 00:00:00 ; elapsed = 00:00:00.050 . Memory (MB): peak = 1601.984 ; gain = 0.000
Restored from archive | CPU: 0.000000 secs | Memory: 0.000000 MB |
Finished XDEF File Restore: Time (s): cpu = 00:00:00 ; elapsed = 00:00:00.050 . Memory (MB): peak = 1601.984 ; gain = 0.000
Netlist sorting complete. Time (s): cpu = 00:00:00 ; elapsed = 00:00:00 . Memory (MB): peak = 1601.984 ; gain = 0.000
INFO: [Project 1-111] Unisim Transformation Summary:
No Unisim elements were transformed.

launch_runs impl_1 -to_step write_bitstream -jobs 3
[Sun Aug  2 13:16:58 2020] Launched impl_1...
Run output will be captured here: D:/Vivado2018/Vivado2018Document/project_1/project_1.runs/impl_1/runme.log
