#-----------------------------------------------------------
# Vivado v2018.3 (64-bit)
# SW Build 2405991 on Thu Dec  6 23:38:27 MST 2018
# IP Build 2404404 on Fri Dec  7 01:43:56 MST 2018
# Start of session at: Thu Jul 30 16:37:37 2020
# Process ID: 29588
# Current directory: D:/Vivado2018/Vivado2018Document/project_1
# Command line: vivado.exe -gui_launcher_event rodinguilauncherevent42804 D:\Vivado2018\Vivado2018Document\project_1\project_1.xpr
# Log file: D:/Vivado2018/Vivado2018Document/project_1/vivado.log
# Journal file: D:/Vivado2018/Vivado2018Document/project_1\vivado.jou
#-----------------------------------------------------------
start_gui
open_project D:/Vivado2018/Vivado2018Document/project_1/project_1.xpr
Scanning sources...
Finished scanning sources
INFO: [IP_Flow 19-234] Refreshing IP repositories
INFO: [IP_Flow 19-1704] No user IP repositories specified
INFO: [IP_Flow 19-2313] Loaded Vivado IP repository 'D:/Vivado2018/Vivado2018/Vivado/2018.3/data/ip'.
open_project: Time (s): cpu = 00:00:18 ; elapsed = 00:00:11 . Memory (MB): peak = 785.563 ; gain = 183.648
exit
INFO: [Common 17-206] Exiting Vivado at Thu Jul 30 16:38:11 2020...
vado IP repository 'D:/Vivado2018/Vivado2018/Vivado/2018.3/data/ip'.
INFO: [IP_Flow 19-2338] Canceling the changes to the IP catalog. Reverting the catalog back to its previous state.
INFO: [IP_Flow 19-2340] The IP catalog has been returned to its previous state.
INFO: [Common 17-344] 'open_project' was cancelled
exit
INFO: [Common 17-206] Exiting Vivado at Thu Jul 30 16:38:14 2020...
